<?xml version="1.0" encoding="UTF-8"?>
<!-- Generated by org.testng.reporters.JUnitReportReporter -->
<testsuite skipped="0" hostname="Avinashs-MacBook-Pro.local" name="com.testingshatra.uitests.homepagetests.HomePageTests" tests="1" failures="0" timestamp="2021-10-30T15:45:09 IST" time="29.333" errors="0">
  <testcase name="validateAllLinksOfHomePage" time="29.333" classname="com.testingshatra.uitests.homepagetests.HomePageTests"/>
  <system-out/>
</testsuite> <!-- com.testingshatra.uitests.homepagetests.HomePageTests -->
