<?xml version="1.0" encoding="UTF-8"?>
<!-- Generated by org.testng.reporters.JUnitReportReporter -->
<testsuite skipped="0" hostname="Avinashs-MacBook-Pro.local" name="com.testingshatra.uitests.SignupPageTests" tests="1" failures="0" timestamp="2021-10-23T16:37:06 IST" time="39.502" errors="0">
  <testcase name="validateFullNameFieldForCorrectInput" time="39.502" classname="com.testingshatra.uitests.SignupPageTests"/>
  <system-out/>
</testsuite> <!-- com.testingshatra.uitests.SignupPageTests -->
