<?xml version="1.0" encoding="UTF-8"?>
<!-- Generated by org.testng.reporters.JUnitReportReporter -->
<testsuite skipped="0" hostname="Avinashs-MacBook-Pro.local" name="com.testingshatra.uitests.HomePageTests" tests="1" failures="0" timestamp="2021-10-17T16:24:04 IST" time="29.303" errors="0">
  <testcase name="verifyIfUserRedirectsToJoinMeetingPage" time="29.303" classname="com.testingshatra.uitests.HomePageTests"/>
  <system-out/>
</testsuite> <!-- com.testingshatra.uitests.HomePageTests -->
