<?xml version="1.0" encoding="UTF-8"?>
<!-- Generated by org.testng.reporters.JUnitReportReporter -->
<testsuite skipped="0" hostname="Avinashs-MacBook-Pro.local" name="com.testingshastra.util.RunnerTest" tests="12" failures="0" timestamp="2021-11-14T16:33:48 IST" time="2.638" errors="0">
  <testcase name="runScenario" time="0.077" classname="com.testingshastra.util.RunnerTest"/>
  <system-out/>
  <testcase name="runScenario" time="0.094" classname="com.testingshastra.util.RunnerTest"/>
  <system-out/>
  <testcase name="runScenario" time="0.017" classname="com.testingshastra.util.RunnerTest"/>
  <system-out/>
  <testcase name="runScenario" time="0.420" classname="com.testingshastra.util.RunnerTest"/>
  <system-out/>
  <testcase name="runScenario" time="0.042" classname="com.testingshastra.util.RunnerTest"/>
  <system-out/>
  <testcase name="runScenario" time="1.538" classname="com.testingshastra.util.RunnerTest"/>
  <system-out/>
  <testcase name="runScenario" time="0.012" classname="com.testingshastra.util.RunnerTest"/>
  <system-out/>
  <testcase name="runScenario" time="0.144" classname="com.testingshastra.util.RunnerTest"/>
  <system-out/>
  <testcase name="runScenario" time="0.143" classname="com.testingshastra.util.RunnerTest"/>
  <system-out/>
  <testcase name="runScenario" time="0.059" classname="com.testingshastra.util.RunnerTest"/>
  <system-out/>
  <testcase name="runScenario" time="0.022" classname="com.testingshastra.util.RunnerTest"/>
  <system-out/>
  <testcase name="runScenario" time="0.070" classname="com.testingshastra.util.RunnerTest"/>
  <system-out/>
</testsuite> <!-- com.testingshastra.util.RunnerTest -->
